* using log directory ‘/Users/wush/Projects/FeatureHashing/..Rcheck’
* using R version 3.1.2 (2014-10-31)
* using platform: x86_64-apple-darwin13.4.0 (64-bit)
* using session charset: UTF-8
* checking for file ‘./DESCRIPTION’ ... OK
* checking extension type ... Package
* this is package ‘FeatureHashing’ version ‘0.8.1’
* checking CRAN incoming feasibility ... NOTE
Maintainer: ‘Wush Wu <wush978@gmail.com>’
* checking package namespace information ... OK
* checking package dependencies ... OK
* checking if this is a source package ... WARNING
Subdirectory ‘FeatureHashing/src’ contains apparent object files/libraries
  FeatureHashing.so MurmurHash3.o RcppExports.o as.o digest.o
  hash_internal.o hashed_model_matrix.o murhashseed.o product.o
  subsetting.o tag.o
Object files/libraries should not be included in a source package.
* checking if there is a namespace ... OK
* checking for executable files ... WARNING
Found the following executable files:
  .git/objects/00/03ec1dc1c8fb951c6981659eca437d62b5a38f
  .git/objects/00/0d2d592373718150985a2117180c436a4610fe
  .git/objects/00/4c8e36ce68e08adec3b0f42415f474a645de99
  .git/objects/00/b2aed4abb9f5f5b684fc6500dbed289490c0d6
  .git/objects/00/b6c15459ae1d753b9fc1a9d086c704d225c29e
  .git/objects/00/d5dc49e70af2615fcae0a7dc86ccce6cd07440
  .git/objects/01/365ef2692fb8d9c190edc48bcb2f9eaf57c7e3
  .git/objects/01/4d656edce9a80fd80335157e04c7448b01e118
  .git/objects/01/a0fd8602955951b5a022b0628b24f1333a4bde
  .git/objects/01/c36185407bac6a1ed79fe1d679af50f0480e4b
  .git/objects/02/1362eed2267b54eae3d6e9fe42f845e5bcea82
  .git/objects/02/1e47f7c20e2010bf10988aa9c0384fd40f432d
  .git/objects/02/b23d4e2ea5f21b348d704c70720a948847f2e2
  .git/objects/02/b7ad6b2194f247fd5591d473cce349ac02f160
  .git/objects/02/c56e04f0d42ca0d2216a02a8216f36957440f9
  .git/objects/03/1d3b6b30217a7547419c42624d324889d99603
  .git/objects/03/746ab366dbc9ab9866187680d5d48eaf246a9d
  .git/objects/03/a6e588365ae23648be19d3844aacc2cce58e3e
  .git/objects/03/c879fb1013a95538c6f7616877f2820bc4d51a
  .git/objects/04/58a1ab279fa5732c38996270dd32f5685ef872
  .git/objects/04/e7b7989afd5a9c4ef96ba76e15fd0c1c9abaa7
  .git/objects/05/1276abac9846b05606a69f98aa1705c5cbb983
  .git/objects/05/33979d81832b0b3bd78be31f11a52a0d6f6c2e
  .git/objects/05/35c5f33ac4b0feb38c0d0524caf3a71f0285f9
  .git/objects/05/85040ec7436ab1b4be7c9d745073038e24cd8b
  .git/objects/05/d23788d51d5fbfae0a829f9ba5f4f06a9bdd01
  .git/objects/06/7ab1fc43dd58fd60a67a750095f028a8c8b3eb
  .git/objects/06/b02a1b9474752d676884f78a4024004f41350a
  .git/objects/06/c76f372bd5772a9fe566ba37f5dcfe19b5aa6c
  .git/objects/06/cd49695163bdbde6817d6f6a9a62ccb2fcb8fb
  .git/objects/07/07ad566edf5bb240f9a0578b209d11aa61de08
  .git/objects/07/1286af0f1caea813deea71eb6e5925ec6442f4
  .git/objects/07/2c1ffeba6385a4a1da15fb00ef02a1b32b75ee
  .git/objects/07/9d4913eacfaf5a0afc8bb6683a40abcb15e2c7
  .git/objects/08/8b17a7413efc0ce2a82653a140b8ce45e76e6f
  .git/objects/08/910c6757b4d7035692cd7595e8b5c5bd66c180
  .git/objects/08/d8d44cd223094dcad982ee772113b5e533d673
  .git/objects/09/6530d4be68b7ccfcea986e31599d5e8a1391a6
  .git/objects/09/97ab1641923c9c2de1b407ac36683ce89d3003
  .git/objects/09/d6491de23a5baf88cf2deb7930bf2b6ea3fb9c
  .git/objects/0a/89a1e0569e12eb95c56c954829f073082d0a8b
  .git/objects/0a/ab47397ad9568658382a57dd89d0cd2ee78a53
  .git/objects/0b/01a04b3cfe86fa05b45cbdeea43c3882a0fbec
  .git/objects/0b/23226016dc5413d22a144aed3693585b363272
  .git/objects/0b/2b3468a5e6a2fe5a3389c8e7d7f7e840b9dea4
  .git/objects/0b/437476f279d3020ca3324c4808e96b10109440
  .git/objects/0b/e362833fae2d04eaa747212911ab06ad097102
  .git/objects/0c/081b6a01583e376dc320327977d741559ea034
  .git/objects/0c/71ee92f6e6fb1863e675518d082be60df4955a
  .git/objects/0d/45aeee606f766a95b37baba859cf5248ca91fe
  .git/objects/0e/12742e920ce6d17bf32a9c6adbd6c7bff043f7
  .git/objects/0e/373a0d6430be6667901208d38f82365dd50d8b
  .git/objects/0e/3939d9c4dbe6a70301f46c89c1505acc762ff7
  .git/objects/0e/72ea23d3dbe8ee3fa9e7b428c837f60616bc65
  .git/objects/0e/8e5d2b1fd288474c0115f138fe5a48844f50a9
  .git/objects/0e/9f37c302dd8caa1667d07951be95664b811c77
  .git/objects/0e/cf7d8daf64b8c7150a46fc4da395aea23f9bdb
  .git/objects/0e/fb93926b9655694c6a50e2d78bd645dea331d8
  .git/objects/0f/11c78e93fbefaa4f303318a15d21b5221925fb
  .git/objects/0f/4ef3dfdbc175262c1f1745aea9e9a8dadfc483
  .git/objects/0f/514a3cb8e85283072360a5ab0b98796f1be186
  .git/objects/0f/f579f0100c47089d2ac37beaf57dd7e38521f1
  .git/objects/10/b6c66188992ebd9d13b716870347f28469f850
  .git/objects/10/fd98171ec959dac90b01d597a0722897b7917d
  .git/objects/11/0d5723ba6bc28d5be232f03b3d32c5ddddc7f6
  .git/objects/11/4763226c213b48b6985984e6add8787d5bf472
  .git/objects/11/62cf09ec6d08b037d78149312be13ba43c8ae8
  .git/objects/11/c2772103cf48280ca341d4eecf44df2cf29524
  .git/objects/12/1d9871f73d52b17b58902eec5c7b545b8398be
  .git/objects/12/2b8cc412701277870f46cbbc5227720b5f6bee
  .git/objects/13/7e8e9a7aec65ab9ccb9d4f1b7dd194ee9ed7c0
  .git/objects/13/c0c8c904f41346950017ff5f8530ab44c7d221
  .git/objects/14/972bee1c5aade52accec4d43c325fc52651b1d
  .git/objects/14/9a9a9fc5b56efca34c9f756b4f34e6d2b16e24
  .git/objects/14/b960944ca78a3c51a5d3d4f963a8324b100f86
  .git/objects/15/2d0b16d5004508a94e042d60e13667e73f5548
  .git/objects/15/47a4257c857e1bd7f124717242bb627f7c3091
  .git/objects/15/8efc544d254caff1cdfa731ee5d685ccbe229a
  .git/objects/16/27d2e78e4b3a8d3fed6c5d4755cb1e28e015c1
  .git/objects/16/cebb39b383e135c86b309a940f8206ee088bd9
  .git/objects/16/cf7bf9bd591a3abaaa55191d8b4a29751462b6
  .git/objects/16/d7a6b0f659507aa46c265c30a6662e8fd47305
  .git/objects/17/2b590867ef6e84ebf4218954d3b48386a98d5f
  .git/objects/17/4c1e819b02f1fc83b073056113b9afe4811e92
  .git/objects/17/9f96439dc256228b2fb3a8bb812dc1d340c6d2
  .git/objects/17/f2901cda7e55cd2c444131e49943e884e7ab88
  .git/objects/18/82cda83c3ffb71b6ca16de0e4e2b2e777ad54b
  .git/objects/18/9ce9c1427896b4686abd4eb49f30dcbd5dd459
  .git/objects/19/35c67062d8ba5c7e4c2cc8efe4b3ccbeb39fe6
  .git/objects/19/4535dc36c5d4b7cf8d64c7c9cd56c9e2af22a3
  .git/objects/19/6c56077efc5398cb2a70c64e1879ad34cf265e
  .git/objects/19/acabd0501e1a150ee13cfde50d9555762bf422
  .git/objects/19/b0d52b1eb14dea5cfee55a7d1b0ba0365ad73f
  .git/objects/19/dc4a90dd41f97c238fd201b799b8eb9e112c3b
  .git/objects/1a/4917e17fbd68400e12f427c5d2869b99139017
  .git/objects/1a/8167c3cd274f5910f92dc419027364b7cc3e16
  .git/objects/1a/bdaf2567c80f63e9b890691cd4295e021cb8ad
  .git/objects/1b/0286d010581946d47f25120a003ebfd0b42c57
  .git/objects/1b/4e8ca9fafb9218f82bc653746e9797e4dcdf13
  .git/objects/1b/528eac3da2df2e0652b2632355e09081395f7a
  .git/objects/1b/d37fb01c48933cd8beacc4ae140deb2ab01322
  .git/objects/1b/f18e4b77958e27afd348a2b1cffac21e86b556
  .git/objects/1d/49a9805f2c8e1a387a3e0682a7f8702e09a9f1
  .git/objects/1d/a8615e1a7f66ae6e768b0371f7a880f1a0e41d
  .git/objects/1e/096f6d4d24c473a58c7feb0d4b90b042e93c6a
  .git/objects/1e/1c080d9ce3808a3b22849a07f99176edd2dcfb
  .git/objects/1e/50c67c44a5f2fafd4ca3ac67b37a24262dc684
  .git/objects/1f/1c1b3b36a3a36d3f4b5a9d3f5926ae077fb793
  .git/objects/1f/332c85c979949f4f220fd0cf9e6df4042fdfa6
  .git/objects/1f/3c3f2850d91c6c27f0979fdf4343a8ee663bed
  .git/objects/1f/6365d068170c21b13236789d8e866f5b124c2b
  .git/objects/20/0b42bfb300cf2489dd01d5b27807212cf2491e
  .git/objects/20/22886a46e4d447dbfaece520e8a657ed8f28ef
  .git/objects/20/4e3542835c601ec06877c2292b8385555f505e
  .git/objects/20/6093ae6f610f0ee86dec3a5b6468c6acb4abb2
  .git/objects/20/b678d93d6b1b6879be01aa8c4eb0864241aa8a
  .git/objects/20/c3c6befc28b5ee783ea22cafe7ec0927c1020d
  .git/objects/20/ed4980801e3053efb1cc87952084bb018e6f63
  .git/objects/21/135cc10cbe3cdbc111aed2e96f07f99e99f0b7
  .git/objects/21/791bfe2a5a2926aef531ee4496650c27e83ddd
  .git/objects/21/85c9ded9f263a40f05236a886e2aa7e41f33b3
  .git/objects/21/935bd02209c0b494783278b794415a9598110a
  .git/objects/21/b759fcd894a32a01b9dd330d72cc2bf1344e6c
  .git/objects/21/d640b51603ed59f3abd09366f394c1568e52ad
  .git/objects/21/ebb8f48051c92daed42298a7feaff387313620
  .git/objects/21/ee89b243ffdfae41f04d66f55e8b856ecd30b5
  .git/objects/21/f24a7af2c1f4d3183d39a0a5e9c2f0eb0f1042
  .git/objects/21/fa9018eea81a8bb0d3acb98d8c84a15c653fce
  .git/objects/22/586a362e6858be11a5898c0480bba7d44c3878
  .git/objects/22/92362385a1a952131fdc427ccd3522ce4a9c3c
  .git/objects/22/98d5bf8a33f51dec86e18def0bb51cc37c684d
  .git/objects/22/e3d8951ce3e93d6a474ac7de1721e5e6dc42fa
  .git/objects/23/0f80a7ab670bf29e22b9d548017317c409451d
  .git/objects/23/2d1fe2af70b180bf7bc5912678abc8a985d2ab
  .git/objects/23/543119547db820d4237696100ab453b82ab428
  .git/objects/23/b252adcaca7c9f0ea35cba8b283b927a6cf3a6
  .git/objects/23/b4f9b0c4f1477ec374b0b3296518f02360cbdb
  .git/objects/23/bbceda0d46ba786012358e720a0e343e16797b
  .git/objects/23/d328767d667e00c9688724c684d88f43f84ec1
  .git/objects/24/06260e38b268fe4af3160717d9cf710b7f7a3d
  .git/objects/24/5d66dcfa66289aea6c3f22d56a7769cf1464fc
  .git/objects/24/72983d5552b1ca58a6532a3e9e68f8f57735fc
  .git/objects/24/7e2e2bb36480a56d93bffc8a6bce2d2e7e3d77
  .git/objects/24/b69e50ec5383855586d4437240a7040e80f692
  .git/objects/25/3ca07d2e8c88372295b99e8864ce99b8185cb5
  .git/objects/25/42ce394cbe5acb35b9c8febf2c7d4aea7c4bc9
  .git/objects/25/e498d78afbc87d9ad1174892e82912cd37a2d5
  .git/objects/26/0a135f52304bd38e787ac89da3caad9ebbbb30
  .git/objects/26/6aa654896e44e600fd76b231d2c5307434e852
  .git/objects/26/e2cfa89bc34bb539acd116d0299b70f067b154
  .git/objects/27/60c9d210a7fe473cdfefc17ccf1753ba17e44d
  .git/objects/27/6a441ffed8c108dd960cf8f584e7d0bd2b7e16
  .git/objects/27/fd841ab1be5b92073c76f08a39ef841f9a5fc2
  .git/objects/28/502c04f41fe6f13653760afadbd89bbcb718a0
  .git/objects/28/6ebd52a44838c0abe6edb1893edd43a1eecae4
  .git/objects/29/46247149af021be536149f15cecc66ea18a64d
  .git/objects/29/75e2d7f5caae127b4dccf77ef66a57210e3009
  .git/objects/2a/1f94d43dc1b33ce3553138f3bafc39ac9e861f
  .git/objects/2a/2f3fb8d9d4c8b692ddae6938f5aa518437bc56
  .git/objects/2a/b80c5db4558890c547a4df6f889de674e1dec0
  .git/objects/2c/59668ff38da3dd1e686f83476dab9482a4ef93
  .git/objects/2c/ca29b00b2e236fb70dd570bd91a2779f22ee3b
  .git/objects/2d/20fe0495883d728d64aa745d47bce4b0188389
  .git/objects/2d/47c2dbf955fb2fa39fa62ae315927b9342a685
  .git/objects/2d/ac1eb46a8b8709807346ae1a240efb7bace6ac
  .git/objects/2d/b2e9b7a6b8303ac12d3697072df137fffd4d56
  .git/objects/2d/cd7fe933f01b32713b68f6ecf64966c345190f
  .git/objects/2e/74d263b15e5e531a23be06482e198110408ede
  .git/objects/2f/a277527523abdf0b0f3239363755cd3683111f
  .git/objects/2f/b91f90a6b6b615f3a362ddaf7a9fd8a22ee71e
  .git/objects/30/0ef25ce7d0e1ef87f76927ff3675d2ec9d4f17
  .git/objects/30/2263bcb6d422d746d3d68f6835e4925609cf75
  .git/objects/30/d0bd9209a4814ddbd4431c00ec5bc2e554f3c5
  .git/objects/30/f310237db4effee9e81d78aebdc60410737ac0
  .git/objects/31/2fb503b950a52f0bb04fc54dcd851d198f628a
  .git/objects/31/b7e99435b90df36de726b90477e25ef7f2e9dd
  .git/objects/31/c66500cc59d7dd896fcdade0b8c3092527add2
  .git/objects/31/dbd7e40a9fa0346f808ba4123cde5cc395fc4f
  .git/objects/32/880d05738b6065b7e8ae62694e535978ba7ad1
  .git/objects/32/912c5a7b65b218115d8eb26794687a6b73c444
  .git/objects/33/0d2daee7639d27448f6a57f66210c58ff6aa32
  .git/objects/33/1132a6ad460915585ac6d3db5cb9d513d5dbcc
  .git/objects/33/54bcbe76d821470dd00c547b91631b08f2f650
  .git/objects/33/598fbc4a8a3bf3b48dd1a72915c5df58c08bee
  .git/objects/33/b93b6d0cfc5f17ab729119fb975cca4ceb89d1
  .git/objects/34/fe483a694ab2cbc04d50948c0dedf1c2d7c049
  .git/objects/35/ac11fbf77343b1d23a81d2c643fd5c4142af2c
  .git/objects/36/e0a0f7202621983de4598d7ecee51c2a476e1a
  .git/objects/37/39d086ed87ae914c98833e2cbb6605dbf74a9d
  .git/objects/37/4c0214433d84759348f5379dc35547b50b4348
  .git/objects/37/5d3a2336a040924008c04e82ed2593b2139004
  .git/objects/37/e3ae9f43a36955efafd08134f84a252fa5397d
  .git/objects/38/6c2d4d0a9947c525df3728ddba5f79649291b9
  .git/objects/38/8fcb8a63ccf5ac74e2d218191456d86771d4c6
  .git/objects/38/f9a37cd8a10c121872c1723019aa1457304d28
  .git/objects/39/549ca8569eb3fffc00da449e3e5f1cae7bb772
  .git/objects/39/ca4da381828ebfd898ccaac727907c178617b3
  .git/objects/3a/11214e5ff260a1ae8af51cb31b1c47bf94a04a
  .git/objects/3a/39c3ae7c8dd383d6aad37e00c978eed5f64fbb
  .git/objects/3a/8570a2af1fc6d456ef960eab703f998f018729
  .git/objects/3a/bb35c20cc00e49fb3aa27d92e9c11d9847e73f
  .git/objects/3b/559e9d412f19cef4b2483c51c3d4836c200226
  .git/objects/3b/5f8f344b6652d15837ec760529c18cee7d24a7
  .git/objects/3b/674a07298b52369a0f120269a402b8d6223fce
  .git/objects/3b/73edd672f08ef5223855bfdd8151ac144e9a65
  .git/objects/3b/e92c65f5369a4838b97e68490dffebf12c9f0e
  .git/objects/3c/c2d03f6a8536f1c99a32abc811f069e0150661
  .git/objects/3c/c812facf64e0f7364f1b4a974e24a56928df2e
  .git/objects/3d/f4dff39ddd4d3eb41a5ce3a528a615be035c6d
  .git/objects/3e/339101af050de26a0819475dd963d4ad518d88
  .git/objects/3e/5034cd102cb6fa992c4759d981b3767d20dcf6
  .git/objects/3e/74745350b7a8f52aba27c9162cde516801cef0
  .git/objects/3e/772401766d104824b63cdbf2219a196509ad0d
  .git/objects/3e/d8c393ee1951c5b06149cd0cac65c94c94be45
  .git/objects/3f/1ad1f0a670576513e81024d553afb344b58ce2
  .git/objects/3f/28bde68840a761c938a5e080c04ece423c7729
  .git/objects/3f/5944d4011f746328c42d266d51c18b533953ac
  .git/objects/3f/cb4fdaf22f81533c9e1c2dd34d2300e2052833
  .git/objects/3f/de9129203a1c0c517cd59ac1d40029e8ad251b
  .git/objects/3f/f19d05f9751c444dd4e1d900ba18a14148bf62
  .git/objects/3f/f9e06e512f277aa6be71e29ff10f76bf202fa7
  .git/objects/40/59105b4dab551f1a7e10fc3de6b8c399248230
  .git/objects/40/668c66bc66e6ceb13f6e3236d1b558594481e9
  .git/objects/40/847520d2b4f36e51eef8dd58cbaa395b9c3554
  .git/objects/40/ecf030eeced8ad661761e08ae94c2db7cd2e26
  .git/objects/41/01719dd7fdebab65407ceb8619e5d8f5d63dd7
  .git/objects/41/6debbc3f0a802bcb80dff950755cfce4211d92
  .git/objects/41/9708583bb4d3222686c75a8f5e322eb39f80a0
  .git/objects/41/acf493c51d270e05cc6a7370d13942a1425eff
  .git/objects/41/c0899092bbe210c858e5979f4ab2b026f3f63e
  .git/objects/42/36d83d31c2b5f7e72984bc66a27c85682d122f
  .git/objects/43/54308be03a74f0ca36471e298feafcd8a14d65
  .git/objects/44/3a6a2733138363d636ebadc2951f9603257860
  .git/objects/44/5cc11a34383974381f1b5cd50c4bbb51244906
  .git/objects/44/88bff3024612a979bad24a8b941e7f9b331432
  .git/objects/45/14932bbc30de5320acd00fd1c22a844c510adb
  .git/objects/45/1c5f1aed341c23b4b42f7bed09efee5b51af14
  .git/objects/45/4513f9eb9c13d330a800cb1b4280a741c40ba1
  .git/objects/46/0db7e79011b3246ff77dbd72cb3f75e8df2dd8
  .git/objects/46/a3e2b7a17846c51c2f2f5d3e7adeef2597e338
  .git/objects/46/b134b1ba513b80bb664ebfc4a6f32b135cbbe4
  .git/objects/46/f3c446f0368561feed6eb722bd49eea6c67d0c
  .git/objects/47/091ce30c36d6f3d68f754fcb43e38a136ae698
  .git/objects/47/5f2438bc4a8cbec5de6682ff0813bc44a041d6
  .git/objects/47/ff4f630e0a485cc920148f31953fd92aeb062c
  .git/objects/48/4428b65e29c0821f2c593293ab1e39acdf152b
  .git/objects/48/a340327e1be7b022b9174051a0f793ca9baf97
  .git/objects/48/b8f30875c897bc05696b79ba0604b37347dffb
  .git/objects/48/e89a70a1d75f603e9763b344336a82a2cf68a3
  .git/objects/48/f9d37d3ee48a0676fb5ae6906edfb0f5bb7d92
  .git/objects/49/30a265a2d31406155369c8777c2aaab1e8cce7
  .git/objects/49/5424559ce83b2a39ed3793fa07f191792b329c
  .git/objects/49/7bebb38fcd3eb224c08b60a56dba58470f0790
  .git/objects/49/c7cea482ff88b9e3265644b94178f989e71854
  .git/objects/49/efeb113d17111eee050d52d277f216c532707d
  .git/objects/49/f96964862ba70030af62bc0cc993c78a4e652c
  .git/objects/4a/28b6b01f16a7057843dc4b2c2441dc9881080d
  .git/objects/4a/9c23ee7968e179d0bc0523c5b6060bc9cb7050
  .git/objects/4a/a560509858e75146f169000dd2906282940c7c
  .git/objects/4a/e897a1bca45e62f8294a68e8b03f817b4452c0
  .git/objects/4b/56f2ae948a72efde721c20c88a2c228fc39d7c
  .git/objects/4b/7ec1f06572da37814f03b37ee99edc5c76f7d5
  .git/objects/4c/981bf3135c62dcefae31446f878540d841975e
  .git/objects/4d/2cfd59ca1b7e2059f71e39f9b070aca2d0c388
  .git/objects/4d/8f0819b1cc30cecb1a9bdf8bd270ac1a48be1c
  .git/objects/4d/db88216ca982ceec9b2dc6de2bf392c627f0e2
  .git/objects/4d/f6092839bd2598e40e9ce6c4b5f35941aa73dc
  .git/objects/4e/062a3b6f6a5b93b37455c07e826a914d9d7d7d
  .git/objects/4e/2c52c0289c7be9292318cfc1ccbe22c1fb0d31
  .git/objects/4f/eddf7febf0f2ce23b870c6c1c1242f499ee775
  .git/objects/50/06639f94c06ecc98da13ce4fbba60f753f266c
  .git/objects/50/288e09b953946c566202fd9925cccfe6cc37f5
  .git/objects/50/6ef81b441c9f155085cbba4db3c83fb1444ce5
  .git/objects/50/8231aa80ac4ac55a240a01ef505a7c8852c758
  .git/objects/50/ab1f65a8c7235db22bcbd9880863c685c3b0b2
  .git/objects/50/e0692d7e928496a8646e89c60ec7389a510bb1
  .git/objects/51/15507802b5ff4b621b616440af19d30f0d61a6
  .git/objects/51/1c8735715d3e637f1b93db8e7998f7466f560d
  .git/objects/51/5b6625cddffa12b41586991f4420a77081a0a3
  .git/objects/51/cabe042dc85c109fec541864c735911b3a9942
  .git/objects/52/1b61aa1de41b24358ade168c797ddd689a4c13
  .git/objects/52/9dc0b47e95685593fda0bba2a9589c0a65aed5
  .git/objects/52/dd006683ec80215c461f402921707415b109ae
  .git/objects/53/23d44a877f7500a074ea4a6ec9eb7057062066
  .git/objects/53/cd16d39b2cbf6a15214da40fb89c67f2adffd3
  .git/objects/54/07c046caff94898260c127cd1f2704f95f5839
  .git/objects/54/6ec1dc272522418f20ba96f109b8b009eaa075
  .git/objects/54/9aecce283d1db34ee2eaeae6f9cd88e848023a
  .git/objects/54/c86e0a447a92edcd31efb448c4676918fb9a59
  .git/objects/55/30c98767695b9b86a2505761ef856998ab5ebd
  .git/objects/56/08450ca6d2d44f21d61be46c4745a2794865e2
  .git/objects/56/9a33045a02ae97adce4f938fef7be1160daf4e
  .git/objects/56/c27ce5853a278278813d46eb6c26eacfb0df8d
  .git/objects/56/e9d947e168558c82e2129f95f5906f135d4048
  .git/objects/57/3fdf900407cc5de5afc2baccbeb85d0c419725
  .git/objects/57/445a4b7f875684dc6c92c485551a29639b498f
  .git/objects/57/77c89b1b9e9aa4aa48d8222aab074de76fb9dd
  .git/objects/57/b083b4d03d6f2fd4ce187fc3fac6def8aa6ca4
  .git/objects/57/bfd8f827c384ae34b6f096527b247c05061b67
  .git/objects/57/f1d8bc9fc619956265eb03ec9a5bc483645024
  .git/objects/58/0380566812db8afdbea21f5fedc8d57e5cc9f6
  .git/objects/58/0e4e95e02f9a114205eadcb07fba67e75168ca
  .git/objects/58/4f55c3a78027b42384ea5dac132704f306c8a2
  .git/objects/58/880dfe4df9b577bc0e3ab1beaa2e57757a69e7
  .git/objects/58/f8110c1cbddd1ce90b207d39f73bcd1d34a944
  .git/objects/59/70689ef4f35a012505f88b078d83a8b9f77f5e
  .git/objects/5a/206ac068159f32bd9dda0b647bbf8fb6f055a3
  .git/objects/5a/473bd2383ec475b15b789b68d08f42a09cddef
  .git/objects/5a/9c0b62815c676f89a55fd81528122268008f9b
  .git/objects/5a/fa7f53599d15afc0998c64f605ec2e801f4179
  .git/objects/5b/0c8b033dbc6ea9bc3502587acc9977791bd494
  .git/objects/5b/3c7672281aa8988c4d7ea6f1ce8361b1b791eb
  .git/objects/5b/aa24fff3a856402ec86cb5789bdeb6bda458a4
  .git/objects/5b/dc12ab748c6fa1824d2747bc25467c5fb11ce9
  .git/objects/5d/58c12554649d09867052284666259405d1c723
  .git/objects/5e/18a95aa5b73dbfaeed0d8576e31016cb011cba
  .git/objects/5e/ced60f32835875aa5d6abd98c1a739ee69e2b2
  .git/objects/5f/0654fb09ca01c69037e7a92956831f9458bd2f
  .git/objects/5f/0fb4fd5313ba80cc79f3813d5bfed51a854ce3
  .git/objects/60/569595a06ba306cd36c05ede32071b5d6046b2
  .git/objects/60/5bc92470891d555587f5117613b5a15185d557
  .git/objects/60/81a31f1bcb497fd77c6f9fe34ec26058e10da9
  .git/objects/60/b3e1d4dbfa0a325e49ace1e7158f2e7d837bab
  .git/objects/61/10b1a643e4f51be5bf17aad91dc3f18cfdc21c
  .git/objects/61/72bcd8c495aa41d0158bd2629e445a130b54bb
  .git/objects/61/87717f807eb163d33947248411e572aa9ca7c0
  .git/objects/62/1d50556759b0210009d9a10c0f121967da8edf
  .git/objects/62/891db371b278acea35187ba1cb5d797fed55d0
  .git/objects/63/7b57fdde568ac3abff81858b06d81a867123ec
  .git/objects/63/8bec5526fb4b2777fb63a6430f96d7760c0c73
  .git/objects/63/a4c22f078cd0af7be2859e888c4f0be0f9a79b
  .git/objects/63/f3ab7ec04a012b52967a38e8576bd194297ac7
  .git/objects/63/fbddd4d64d8438b0988db2ca4b283a3c14c2d1
  .git/objects/64/43b4ff6a58cf8b19265dc5205c40c7292624f8
  .git/objects/64/4e8d11af71be516cc50e2a8e5ecf6f1dcb9937
  .git/objects/64/837be5067484586515dc05c63cc74ba639aa51
  .git/objects/65/0ddf5352e6aece1f6a93982d81320604d4cf7c
  .git/objects/65/57e26ad9c4dcc54ea5cc9e0e7b9823e32f2a37
  .git/objects/65/670021eef19b333c9c8922fd59cbcfe5c39778
  .git/objects/65/78e1ba37b298d6e8477090b5f1b2cf8e0763fc
  .git/objects/65/963f23e97117d1a48dba4b50b86c2121e82a79
  .git/objects/65/db4662b1c02a3492909e3c9cc9888d66708d36
  .git/objects/66/c73001521dd64fb2f35bdc0de5cb181c0de026
  .git/objects/67/14a4a9632e72f86ddb5b8b4194f56078220276
  .git/objects/67/1927fea8753bff9c9ccecb27e5addd2c4cd18a
  .git/objects/67/207d29a1c4a113104cc368cb4e3afd092417f0
  .git/objects/67/65afab1cebda289cdd0a6f0259c553fb111f90
  .git/objects/68/5abe57ee474f8e43a8b3d3756dd1e63072bf8f
  .git/objects/68/74e44bcaa395b8fc477019deef8438f09bd984
  .git/objects/68/8cc77d5a35f764b4d45dc8c7004e469e84ac4e
  .git/objects/6a/54fa18f08814cfad21644c42ec025716ea0dee
  .git/objects/6a/ed65c70d7b65427837193cabb04e866cc8e497
  .git/objects/6b/0be814d700cdfc090855d2712e01abd7eb224d
  .git/objects/6b/1ed1126ca5b90c7409b7e9cf2e9b49a6911ccc
  .git/objects/6b/26bb69b34736a1789a101e4bf98cdf7f5e450a
  .git/objects/6b/47e23a8048c3324e6ebb80c290f323d4255f59
  .git/objects/6b/5010c8e7531c815d1f7bf248720cd4a4e3e139
  .git/objects/6b/5a843cb6a7aa9ef90104ae9dd86fbee9645150
  .git/objects/6c/71ed6f8b29a4c395e82ce6bd870b5d3441a183
  .git/objects/6c/899e2d9505e118510b506bce33607eb9d22bd0
  .git/objects/6d/b592ebb680dc66ed2d5d329178d246876ce2b5
  .git/objects/6d/eb2cff6bdb75ebcefa788699f026b088e83f11
  .git/objects/6e/2b196db0822a9f6fb700e14503d7db707acc49
  .git/objects/6e/5cc094462d83d1e398cd566edf7352dc3d36aa
  .git/objects/6e/72c366bca7f82f909d2cd8c4101860706d9e81
  .git/objects/6e/7a58c5681e3c9ff5278e719c65d97417907408
  .git/objects/6e/c950afd71cf523f6f9ba9b5d69539b4bab0ad2
  .git/objects/6f/33498ef6043fe4d1e332def53a132183541abd
  .git/objects/6f/3d0df3e3688e92c47bdacb6d5fe31924d391ad
  .git/objects/6f/cdb64c79693529359a038a979d97c67bacaf7d
  .git/objects/70/2c6ec8f8b6aed6885e0eeaeded6dd6225f14f6
  .git/objects/70/70c60f33d3c561fa5edb6a267f04929bc553c1
  .git/objects/70/c267dfb16e86322f72e98c9fcf32c92f9312da
  .git/objects/70/cd5d7e0b38ccc125b4a6ef24cdd34ffc2b3cf9
  .git/objects/70/d01735adf1283df3c6a5f7350aa03ca49dcedd
  .git/objects/71/692a1c144aa4ca63e1d21d911260066e955b0e
  .git/objects/71/c9ec1ed428d95f71cf80262a7accda925e01c9
  .git/objects/72/ca6ac3d0bfe6b01872563d722bd0fa3c3613d6
  .git/objects/73/426f1e8e39bb2b12cbd3e7f2b539d61b4760ac
  .git/objects/73/9b03212a84f04b21706e228eea738b57458d59
  .git/objects/73/de07803bcaa9db7ea9f5f859d51f302d695ad1
  .git/objects/74/084a6867211633d8d33fe7fdafef6574a6d6c2
  .git/objects/74/5435347a53f58448a888abf5f31a049abe9d14
  .git/objects/75/ba88175ee728d337f4e0535875c0f6e3f82acd
  .git/objects/75/f3fb90ae21ee1e0d10ae21c9dc5d248e5a465d
  .git/objects/75/fb6510c96c1f970c2bb7268c2a675138d24be6
  .git/objects/76/4922617fc82e054be343bea858bf016e378470
  .git/objects/76/561acb75bad161fa3435c81febd34f8b1d47c4
  .git/objects/76/a2c658847a888381af0f5fd355860217f38af5
  .git/objects/77/e936d16bd09512f99dbe89570c478bc617a9b4
  .git/objects/78/7b38b69023a2c8c73cd67200120d9490271539
  .git/objects/78/92097cea1b4c6183f3e9bbb7d29dfb66f24f07
  .git/objects/78/be4f37004e2400ea37386ac7597444ae7839f5
  .git/objects/78/e64a40158f0544e449a29bfad86e3df7a840bf
  .git/objects/79/619caab6699c42df339321e752eeb494bcb862
  .git/objects/79/b91c1ae85718aa76c7352151d22278dd8b3d51
  .git/objects/7a/12f89b35b4518751b5fdbb5693be03b73363c0
  .git/objects/7a/43af272c3b8ec19ed4329357d1a86b5248c4b8
  .git/objects/7a/c34f0a72f1b92b51506ee3d2d3fb8a31ad88dd
  .git/objects/7a/dda355e2b6a852317b3ebd71345ceb4c1cbc2d
  .git/objects/7b/572e0fad07d78a2797e3f72d88c8d5ef8032b3
  .git/objects/7b/5e5857c967a541be4aaac907f88a25b3513757
  .git/objects/7b/a251ce54b3c773ffb495488d71fe86d3149f53
  .git/objects/7b/d692ba637d2dbed84e48fb81bd193429f6feec
  .git/objects/7b/efcfdf658791629bdeb10ec7a2eee51e3ad987
  .git/objects/7c/2f36bbbfdf57f3ef95ffdb3b2443491c8009a6
  .git/objects/7c/cda2ad0a5394cf590196042bbbc8ba0d493630
  .git/objects/7c/e32e5c07ec6951816a232f8539f350d6bf8d94
  .git/objects/7c/fce3d5f8ea78aa03cea3c2eb63f44589e221d8
  .git/objects/7d/3202c57e1e57681970a6f12c82000b7ff0f5f3
  .git/objects/7d/7a56a124f439986f166df1399580a29bc8115f
  .git/objects/7d/cbb97d14b6f45a6891408f1b92152cfdcda5e0
  .git/objects/7d/d78d06414f91fb1cb7e9405eff07af34b7e6f3
  .git/objects/7d/fe175f6bbe2de7fffe3b0115c015517d55e54e
  .git/objects/7e/9c01e0ac1d95764e3f4e9c7e3a429132815433
  .git/objects/7e/9e45cf2dedf539e48f12cc887c572f790c5ba6
  .git/objects/7e/ef388727f7f812fb9e71f78676eba808ef5420
  .git/objects/7f/2d270764751d197ebbb37fc20f8075d4509241
  .git/objects/7f/8d4a28046bfcfc81cc9afb6a71a6dc2c567742
  .git/objects/7f/eb50bbd1aa6f60a6ac0b3d76a4175c10168626
  .git/objects/80/4376e3d70a392a0a24015412acda7d58451de4
  .git/objects/80/6b9ef53da68c17a0629307799903951d0c2b23
  .git/objects/80/f3972a964181bdbf5a9828fccbf437e273f982
  .git/objects/81/4b3994abd40e97ae4367a08fcb2bf907e02f32
  .git/objects/81/c0e1aea33f3adf0b15c40f4c8c08bcf1361c72
  .git/objects/82/2ba8920df126835551cef0a7a64e06907e73ec
  .git/objects/82/48ed4cef03f09979e62a3e58af2992bac50929
  .git/objects/82/6e8858e79086da7b6568daf39dfb0a154d4d31
  .git/objects/83/515788cb430cead54e3d6ed421e6e883e1dc38
  .git/objects/83/99c8190927d20be828738ff916dbb779d19681
  .git/objects/83/fc74af7e39a364c6981433b4e6475b0845ab43
  .git/objects/84/a61d70e48a26b636f3dd102bb5599cbb8c4e56
  .git/objects/85/0bf1d5edef8bc6f3b71269ee101900a037c6f3
  .git/objects/85/2079b49a810e5471d78d1582c98e85605337ad
  .git/objects/85/27f6d295ca9963f5a9a5cc961a8d147676c7e1
  .git/objects/86/94b3bb72c1271c5ec48afcddb6e1ae1b0f67bf
  .git/objects/86/9d07b72233c0db78cec9e4af172c7764e161ce
  .git/objects/86/d13a65279f337007ea0552c6b91dc808d57099
  .git/objects/86/eefb82201038b63576560d0978b6c006cd6ab5
  .git/objects/87/1cc6fa754c7e026f70e399235dc4da9179005a
  .git/objects/88/089731538210b24b3f88f4cd929b30408f520f
  .git/objects/88/1df0066a72bc7b9d533f3e94719fe20d62defe
  .git/objects/88/7b6ff56e58268e7e75bc6ee38d3082c6641220
  .git/objects/88/c9ee0ac6bfdd20df291feadef1a410812f8fdc
  .git/objects/89/786cf44583d4c9f952475f69ba995635a6998f
  .git/objects/89/ab6bd60f0ad3c470f7c5f0303c11132814388d
  .git/objects/89/ea9c6760bed9b09e8801bedd72b85ad0996198
  .git/objects/8a/7fc159f11a799b7c69d1dac7d8bd6f5a72834b
  .git/objects/8a/98a345f061aa15945514b47f552f7480606019
  .git/objects/8a/9a74d1373c83cccb39a12f627746c843647c5b
  .git/objects/8a/9ac325113bf1cdc50c464f02be0678577c5ebe
  .git/objects/8a/ad2d72761a9818ba76cbd94159c0b439f87ce6
  .git/objects/8b/6484a60144f3eb931f321aad126f13b6cab14b
  .git/objects/8b/d1138578405825dfc7a2260a670192b5b85b39
  .git/objects/8c/0f64c7ce0ff67d6740f5064cad96969414d1b4
  .git/objects/8c/37ed3cbb306fc613ccb9864491cb4b031a9679
  .git/objects/8c/694827137cafc690c8b828c9c279473044718e
  .git/objects/8c/91c539dd45742e6bcb2ba7727a8950ea471d3a
  .git/objects/8c/aef65fa05be3117d015ae422555551774085c5
  .git/objects/8c/e7b15c1a646173c377aaa476fd240469700e3e
  .git/objects/8d/e101a528017581425b0f6ba725c0c03432770d
  .git/objects/8e/3f23430b9efcde9b876da85701e79dabc542f8
  .git/objects/8e/c320393658d272a673dc334c2c43aad0372830
  .git/objects/8e/ff5843de063f361d04f2e5f9cccf4232fc505c
  .git/objects/8f/1866e1a83187a434433022145ba9d8b4b8b6e9
  .git/objects/90/17dbc09e001c279326f7ba1f41cd373bce3531
  .git/objects/90/1ccf69a7faa05e1024a4f0caf12d6014dc3a50
  .git/objects/90/2fde28dbfd295a43f4c897e3210f63de687d5a
  .git/objects/90/330556dd0e5ae4bb59d40a68d312340f3eec8f
  .git/objects/90/4890f7c6e1225eef1f6b0abeb3e1910564a159
  .git/objects/90/5fe74b1a4f66234aec796a112ca6f6b9a4dd2b
  .git/objects/90/cbb5c1372d14571978bb3f66ba5f62bb21e4b5
  .git/objects/90/f45d0fe5e0be3d1a75933e40e14b4a9752790b
  .git/objects/91/8689dda3fe4490a464686713ed37a4757c220c
  .git/objects/91/a4df2b1e1a2363413f67273ae4736c46adb257
  .git/objects/93/359441d5001355b0306d1e0e38efc38059c18a
  .git/objects/93/555abf9e4310dd4e73bb0f7d295a947d968962
  .git/objects/93/6e5efb9461498385e80d7fd68658be2fdc376c
  .git/objects/93/dc77efeaf3eb9d2668d25f86429081702c8fd1
  .git/objects/94/52f748b703e0a582f1130ac8fe868ef70b986b
  .git/objects/94/8365e28fab76798425004d37892088a0264da4
  .git/objects/95/ae3a4d610a50bdb1a2a2a4c8ea1809607a8034
  .git/objects/95/de1a8b44a609f46548bebf3b4c76df5403ac67
  .git/objects/96/05887f0a0433731663ac8c16c364b1e0d06dda
  .git/objects/96/8819061a0d978ae6f69810fdd584ba23f0c68e
  .git/objects/97/0ef21e909afd0c5c21c657e4ed9cee3dd74e82
  .git/objects/97/10cba44d6330d891eef7e1164e7b2173b4aca1
  .git/objects/97/dcf2bd82a092eca67a6cf72a38df0e4daf51a1
  .git/objects/97/eca93f629027f7265969e60b36e33f42bfa479
  .git/objects/98/245eb2d7e75ffa157341fcc265f770a89097fb
  .git/objects/98/72f84063e65c98d1d5833c42165beafc242af9
  .git/objects/98/98b31ae391feca84b421304a3f6d3355ba08bb
  .git/objects/98/d9f0839ccd8ffc76b9a56ad984ddf60002f1a6
  .git/objects/99/371a36ecf7c94126aff7c8d70191641361871c
  .git/objects/99/41d3e2a48f770d6f091774c2f872e45a99d2d7
  .git/objects/99/45a558250338fdb47838f6995b15abe0cdea46
  .git/objects/99/5fe1c82cf790da7c0e9eeebaed6f18c40f436c
  .git/objects/99/89fa585c72e556b93e5cf6922ce2498a28188b
  .git/objects/9a/0ca44850a7cf1e88c6d83762bf1a546b7c3bf0
  .git/objects/9a/73b336a9dd1a6f798e5e5a9aa3ab890b72b89d
  .git/objects/9a/8f382d3a3982ae9031c459bcc6268d2997c663
  .git/objects/9b/4b4d4d47ed25294954b829bd9e6b9df92557e8
  .git/objects/9b/8530cf0bd7abb31a43f6ac429d19ecf794cd38
  .git/objects/9c/59ff5910584ec2b5ce9c620a5fa2cb00242baa
  .git/objects/9c/86807d77fe9a913d4e8c396da8046b3b9a8aac
  .git/objects/9c/889f5f513d8ef5dadfec0043549d05e1a8123c
  .git/objects/9c/db49f2fd1a361a38ae27a3080731b510c0a0c0
  .git/objects/9c/eb746ec393177f071afd94f3a8eb5531556e1e
  .git/objects/9d/3e09555c346c87cecb9b35eca4f545c8894b3f
  .git/objects/9d/5d648aed243c64b332e8f3597c4e22ad416222
  .git/objects/9d/7a73613e730a31ac7bfe635fa0f694f5d09723
  .git/objects/9e/31cf5c11f4fed26e0b236b9b317109235b3756
  .git/objects/9e/5674856396febe966a9435f8ba7b5d7db4f086
  .git/objects/9e/617e04512f840590028b3201d8072313822135
  .git/objects/9f/2c7c52b08b3b719ba14c46032d4817649af1ec
  .git/objects/9f/ac896b461779211e11fcacc20bbc644eb13b2d
  .git/objects/a0/2270c2d7fde785633b6aeb96c22c030820b637
  .git/objects/a0/88f2b19001f55794ba131b74f24d68ccb233b7
  .git/objects/a0/8bbfd1d8560cb505782596e9ddcfd651cbc3f9
  .git/objects/a0/ad733575c57ba0073da577299a6a9e033f15b2
  .git/objects/a0/c5752554b745c15588f3f026e5e15b25fee25a
  .git/objects/a0/dc65b35335945a36e60c8be769368ecd05f28b
  .git/objects/a1/1394699706f9d05745e1de2e9b131544d255b5
  .git/objects/a1/342e4f1b0885e01a94df290c5f917a6c52b567
  .git/objects/a1/733f75994b3b67967f40a3ec07a617a7b5d116
  .git/objects/a1/b3f1a3dfe9745a3d629db7c5b63161a9e514bc
  .git/objects/a2/2ec432529c0527167edf98419704f9247b4a5a
  .git/objects/a2/707bc36570a88c110a4a8e79360e4e9b68dc90
  .git/objects/a2/852a1ad5907b3004b5a18ffeedf541e949234e
  .git/objects/a2/a321986860941827e02dd67da604a520e6cf70
  .git/objects/a2/ab89e118a431536fbc6ed1a94a2f2dcd9a270a
  .git/objects/a3/955c7ae3eac4fc18b93740b48ba9106e8cbf07
  .git/objects/a3/bc7824e62a0e6548f026efe1ab82ff30e8a2e2
  .git/objects/a3/e5ce1af129c856f063eab9d0bcd0f3b92ae0b8
  .git/objects/a4/153578b0955ff20d594e37313d7e9501a564fe
  .git/objects/a4/51e0743292dbaf616c81a81a7732d597123c79
  .git/objects/a4/a9f1dbe65924dfdd0f29b033cb988688ce8ae9
  .git/objects/a4/b1ee7aba06080f4f5813b3158c36707b3cd775
  .git/objects/a5/21816ceec373a94b7bb961bfa293e823db5733
  .git/objects/a5/819380cd14bfbbfa2d2506e9f6ec2debc584ac
  .git/objects/a6/31fbd7e2c13e30076b1964fdc95141a2970f2d
  .git/objects/a6/4712db20f398f22261cbbe4209eef4ded92dda
  .git/objects/a6/5eb1a18f6a01020d04fdbd410a3e589944c628
  .git/objects/a6/f6bbfcc0d050ff40dc8b59de38cd96a42db518
  .git/objects/a7/25b523eadeb0fbb94acfe221ecc29e49f83b31
  .git/objects/a7/2f15e5d6317fe19d1da1f40c2532c2a6c57c19
  .git/objects/a7/95fe67a37f2ee4585ec318ac40df87953913db
  .git/objects/a7/f35101d45266354de8274a45932b5733250fc7
  .git/objects/a8/23504a6052e420ce4f276e8e61f41cd14c308e
  .git/objects/a8/823f21282675a3c0122a466212d7b602889124
  .git/objects/a9/12b79cad04217aca4066dcd5157c8dc98f530c
  .git/objects/a9/4834a7bbb8e969c962eb48ca9b5d5fecc8e278
  .git/objects/a9/896665f78e147595d6b1b6fb733129a97a5089
  .git/objects/a9/dd14ef67bbdf66beae1808081cadb8690544fa
  .git/objects/aa/0e09d617030c0926509110a8f9915b70a23244
  .git/objects/aa/3df37fc98c0de110ab9640f880e7c14a0c9d55
  .git/objects/aa/71f2a5ff338973aa11c8642e4b128b27e2ef78
  .git/objects/aa/fbc8053c507f7516406c62c32dbb71b1638316
  .git/objects/ab/9148c188442fe615fa0a2a4be01e9b9542e607
  .git/objects/ab/97e09dbaa26c68943506a872a239435b9e7366
  .git/objects/ab/a551cc472cf09cca135bece1984ed6d5b6b4cf
  .git/objects/ac/e616c0f959f9f0e88262bbf86555ec2b040ca2
  .git/objects/ad/09c87b83d810cb08ed9b095858b34633a1a7a2
  .git/objects/ad/b00208ede58ff486c25ed18262fe67a3ef6cfb
  .git/objects/ad/d951c09f5eb84304c132baea06945782e55eb6
  .git/objects/ae/2ce672e12c4ed04bb04dbd457aa08ffc8d4a16
  .git/objects/ae/bdf4971f2e6bffd8656315afc2a2c1b2404c48
  .git/objects/af/37c816342e5fc6ba85e7be304194dfe99e5dd3
  .git/objects/af/5f4406792478240398fd85d5cdaf9e9eb5a03c
  .git/objects/af/9be265ebee5ff77512118fa158604e14208572
  .git/objects/b0/2cf924378d72b3161ab975c2a4226597181855
  .git/objects/b1/39f33567c2ffd7693eb1ba7d921c0be35b12a6
  .git/objects/b1/bb83ba293487c17988c009f6d8cc8528148851
  .git/objects/b2/7c02312f7b4cd260e524a60829a9f164ba4b60
  .git/objects/b2/8022b40b0bb19890ddc50953a1fea05eaae337
  .git/objects/b3/431bd2c99618ff77c6bb102a470aac4126f4ce
  .git/objects/b3/4e3bd81ab8430aa28506d4a978f2f4a74bcbc5
  .git/objects/b3/57cc434e50ca03e3e0cdf5054c45f31c84d565
  .git/objects/b4/57459ebfaf8c679e37eff22b7a43cef8a8d337
  .git/objects/b4/57d16ac94b6bad9ced4554d5ca585aa972fb04
  .git/objects/b4/9c0dcd925d716632872e7f4e188dc8c2f8b382
  .git/objects/b5/d22d97b1b8c8354ee4de2d6fd5c1292e276faa
  .git/objects/b6/2f365a441116360073fc3673d40ebbba269a6b
  .git/objects/b6/a1e4cf6b513efb93d0e7d8b6644229b3b4b528
  .git/objects/b6/bd361cc54ee87b9fe01f3e910d35cca300990d
  .git/objects/b7/68c18df32e3920d8d95c477451ffba8eb8f907
  .git/objects/b7/a3ce7568c04bd4c114a91c7e6895f550fbcc2c
  .git/objects/b7/a663c666c69d9dd54bba37024f08f43884321f
  .git/objects/b8/391e4d138a87a4097490b45f862960ceeae414
  .git/objects/b8/d1415618dd86544ef8d6212aab48f3fcdfbab2
  .git/objects/b9/a2e7978baa379cb26d62f35c77cb6808c39b73
  .git/objects/b9/b18c216c7a358ece6f24b976d592ea550d48cc
  .git/objects/ba/14b4c78863f368ce25c46f6934430274d949b3
  .git/objects/ba/8c26730e2150bb15d1b967d35dfe540cbebfef
  .git/objects/bb/5b910dab2386afc8982b82d0a0ecde493bd81f
  .git/objects/bb/7369ee6f4bfd43056c2a4993b147be8d9b37eb
  .git/objects/bb/73e0b9801848a78c72dc14a592e75e04d934ed
  .git/objects/bc/45b2155ec9f25d608ee99eebec3663d266b906
  .git/objects/bc/62709b051c5b46a4dbafe05a99c3db8b2e76f7
  .git/objects/bc/f78f375bc94cd0ca9fd8f5b0a8f641ad88e855
  .git/objects/bd/064bb450ffd48889b10d43c5feec477ddad8e9
  .git/objects/bd/a2c37da0dc9041fd19e11879daa8b66de696a0
  .git/objects/bd/b42e295b8b520085b544c6afba230ed60cc528
  .git/objects/bd/cc41c82708f20e4fa2b8b051efdb14bdb03406
  .git/objects/be/83be83fb93298c010fdb1e8e766e4d466dd096
  .git/objects/bf/b6672fc2cd9847558f9db795bd18081b4f9e56
  .git/objects/bf/bb35b9f73e2866f65162e4acac354e4291e4f2
  .git/objects/c0/1a7d42da4f9b428257e27d431f6dcd8b12dfb1
  .git/objects/c0/1e2fddeaae9302b476f5b969e7649833eebb67
  .git/objects/c0/6198137a2c573a3da74538a1027790855dfddd
  .git/objects/c0/8551364dd4bea9f887f1960b72c94f5b3ad2c8
  .git/objects/c1/29adf25011060fc2ce9841d5db7c90e2045964
  .git/objects/c1/33ed2bdd27340293b633be7334c649e1715498
  .git/objects/c1/b0b3714c35045c2d10db72603832818cc2484c
  .git/objects/c1/b6f50ddddacb71448d736659dd0e2c50c5bfd2
  .git/objects/c2/019cdc9749d61ea5b208336a48e20f53990439
  .git/objects/c2/64b7a5146fce9c5e53079a7d607b2aa85a7746
  .git/objects/c2/b65d4f27b042998ae4fcd7f3c3f00fe7f228fb
  .git/objects/c3/5261c0c6b7127355fe89bfdc297be587276001
  .git/objects/c3/8293960292a03c3eb0d7cea7214e271d9064db
  .git/objects/c3/90b665a7f06405351740f3174ecfb0d305db47
  .git/objects/c3/d4376a2ea5bbb0cdcafa3a56ab0ffc150793f5
  .git/objects/c4/8c15f76ee8789b5f1bb40c3628c3d95235d317
  .git/objects/c4/fef92b79dd37a60f8c0b04bb8a2f73bf1f9993
  .git/objects/c5/37bc91193802eb9b3a6f32fd4fc02e658936a8
  .git/objects/c5/707cd96c9afb6ddafa3f1d574c69e9b90a8280
  .git/objects/c5/88b8514e0488406e8e486f1c46bd4d8cdd9ede
  .git/objects/c6/524209663464c05b572ebf4fa406be202246bc
  .git/objects/c6/61f8e0d69a3e37c760a402743e2a10f5eb64fa
  .git/objects/c6/f7a70c6d4688fc1ad0cbb6e292a3054b259e03
  .git/objects/c7/3dab45d70ac8a1c47b43f177006927b1275a39
  .git/objects/c7/50fa5a187670eedc3927d4c81aa48b3143e684
  .git/objects/c7/92a90bce56df99081b5472c44c3fe617dd8a9e
  .git/objects/c8/060ce1265a96cadf53c6bf8155461063d9f796
  .git/objects/c8/28c4fa0e0c82307c030a7cc031fddd91509061
  .git/objects/ca/c1a989998dbb9891d080e4d298e6cd051b50ad
  .git/objects/cb/1f764d9fada06e479a2b6aa450835f5a80f5e2
  .git/objects/cb/ecb849a1f333a52e16d7f0983a67f2f523a2c5
  .git/objects/cb/fbbf9d4367f8e5cfc67085749dc7b7cfd1f48b
  .git/objects/cc/3f23ca0d9be9aea4e8e0709ffa1d3e730c1619
  .git/objects/cc/bd16b7532e99cd4c9991adfe3920ca97bfc17f
  .git/objects/cc/f59a782a4395006c85cff4217bc95f2640ff2b
  .git/objects/cd/b97196cb0247a70f62254e0c50e1fb9a60bfd8
  .git/objects/cd/d58a19df3162e7d052ff2037f5e55bc6cf9ea8
  .git/objects/ce/0b6b364ef144ebe565d38a92f36c066bd1ef16
  .git/objects/ce/c20184f942eeaff36cff03c4daca64499991e5
  .git/objects/cf/2541f503181c11c0ccb89ff15eac7fe24860d9
  .git/objects/cf/422fb2941734b5d4a1ee0fe9fbda1c0e672a45
  .git/objects/cf/686d0386d796501e4d0abb49fce08cde16d2e9
  .git/objects/d0/49e55870f1f346424f5ce7a2bcb943325257e1
  .git/objects/d0/76c2ee318b02c1c66a81785ae96467178d15a1
  .git/objects/d0/8aaa3650509ad212f5edeeb1c7a397830cb1c1
  .git/objects/d1/59be84c295ccb372783b16e9445110c1b1645b
  .git/objects/d1/8cebab7c993d500f64bada273927d6b64233ef
  .git/objects/d1/b9dc9b228887b68f0a991bfac970f5ff37c879
  .git/objects/d1/d6430a6b84c640048857d6a65b0cfe0c78bc3a
  .git/objects/d2/0b4326dc6841e58723b6a09946d8ec95011d3a
  .git/objects/d2/3746f083554721bca034d717dcbabbc82ca411
  .git/objects/d2/55c079ff604679c30f3cda864ed5215cb773bf
  .git/objects/d2/939d5c22e3a16a0dd4e499645778707ccd3a3c
  .git/objects/d3/4cdc62dc1d5187e659ad2b57449e18d1c94d09
  .git/objects/d3/9c4598fd14358b4fcafa6c63fa65ce1345289a
  .git/objects/d3/a75c86da5238db361dd51723b4621af7af49b9
  .git/objects/d3/ce1ea90b34d9199298b1dad0416fd786d133b0
  .git/objects/d4/3a46cfa6179c31465e12056c298ca178fa6d44
  .git/objects/d5/e418d4e67229176e63b4d65c6cecedf26546ae
  .git/objects/d6/a05827cfc84db6f7e9a893784adc8ea2e9cc04
  .git/objects/d7/394aeaa0eb512126869a9c15dc8210739dcda7
  .git/objects/d7/5865df85d97eaed72f9da92d7ab0bece06eacb
  .git/objects/d7/608a89d682fdd5250aa91a0c143faebceb44fd
  .git/objects/d7/bd63fea3ec8c53a205784d024eb9acd29749e2
  .git/objects/d7/bfeb4e25d7fae4c0c9f8b3cfcf4cb8434e8808
  .git/objects/d7/eda32d1b33101f536edcbeeeb22d2bc878d8ec
  .git/objects/d8/acbe41d7b2a0816c67a052ef5a116b8f8d22b5
  .git/objects/d8/c6c0ac5bab4dbd9c0c9f1f4be00eaa9d2c5569
  .git/objects/d9/02f81520c3faa8d29e02a4d34e61a8141c15b0
  .git/objects/d9/2f5709bd0080935d9e411247dbb03554171514
  .git/objects/d9/63972a242a5e0db4aa6f3df398cd01ff58cf67
  .git/objects/d9/779ead5bcfe052149a288a863d7a839a967c5b
  .git/objects/da/0ddd948df95e58a64fbae032ec781458e2c605
  .git/objects/da/7843d357004dc706cb21a1008553716ca980e8
  .git/objects/da/7c64b0dfaa798524d90c37d2d832a67af0ec11
  .git/objects/da/81fb9ba88684d97c81b510a24817ac99b77cce
  .git/objects/da/82c099b5353711a7c1083dfaf52a21763b27ea
  .git/objects/da/b479f58e9a2636eecad0d186279cde9e5184d9
  .git/objects/dd/2790c44da6b9924946b73f1e735529603ba725
  .git/objects/dd/33dd254e7122a947749b44162a9486b8c77798
  .git/objects/dd/4279801163d60496169d55531881f3445ccfb9
  .git/objects/dd/8ad8cb76f14e5f3c9442b7c427b25f1b935474
  .git/objects/dd/f4ac6c4c6ddeb440931993c933dbbed4cd72ed
  .git/objects/de/0622fab24794911d7a33ed9a10d2393c1d243a
  .git/objects/de/0a7975679e44ecacfa2264b6913e8c2fe33253
  .git/objects/de/e171930e4354b2b4e48a33c4f6bea2f508b078
  .git/objects/de/f036b32a54ded154aeb1539bdf4fc5a83165fa
  .git/objects/df/7ff7d5d88d305e306e1511157146b40b73a736
  .git/objects/df/9269bd8c0184f5103bcbb59a4e56f4e092a194
  .git/objects/e0/27c7e4df8c6bf597c220bb0dd21a5da187901e
  .git/objects/e0/7c435b53a9f3e9111201ab3ed808f8f1db3957
  .git/objects/e0/c40e47641798d7d7b2cc31690a08f41c70631d
  .git/objects/e0/c8e0064be5425d0b98f297948a3eb1ac97eacc
  .git/objects/e0/cb4c61b43136e917afd96ff1862e4e03ecd085
  .git/objects/e1/2c996142fb61287acf029548773fecabade430
  .git/objects/e1/95445d15496265b7c6a922d4b52ab7d3cf1256
  .git/objects/e1/9cd0c2fcebdd4bd2ee6cef330e195847231cb0
  .git/objects/e1/ac90856ef536a715b53a29e3faf64aaedee98b
  .git/objects/e2/182f70ddeb20614e2c0644aea181c2fb744223
  .git/objects/e2/21f049ad81211ecf0ae37805a4fd5cdd6a4401
  .git/objects/e2/496e19e54a679c2ba9c05c0b6bb4399b065b9e
  .git/objects/e2/85eedc57b1d03cef648c26075a4f93c9676997
  .git/objects/e2/a457c73e524ff05ef7dcca60ff9897bf4ff46b
  .git/objects/e4/3f4d547a484c99132251c7c55c624fbea99245
  .git/objects/e5/24a9294635968ee536c1000c970d2248250283
  .git/objects/e5/594256332e1528af2cb0e354f2360c2e694d66
  .git/objects/e5/651f0f0bff7d8c53cfee12f88da9c48f653829
  .git/objects/e5/e66790b3288e4799ff1d7c9636dd9de83db15e
  .git/objects/e6/230211c64f08744f06e19456c2629d911dcd16
  .git/objects/e6/50dd6ef80f0426653d84eb8b9f0ab5fa3c380a
  .git/objects/e6/53737994bf102ef98a0a8f814aeb34f8ecec5c
  .git/objects/e6/b95fb9109f46f21aa5a8f421ca2cd8b91b2491
  .git/objects/e6/c9541ee67fe3ca9a184ca6064f7cbe1ef9d85e
  .git/objects/e7/06e2b6420ab1ab930b3739e433929b1dfc4faa
  .git/objects/e7/88f8cb42476fbccdfa13780dc37872c152c8d8
  .git/objects/e8/22fbcafb9631e90bbd6538f53c2e7e8cd7905f
  .git/objects/e8/5541fe1d8e5a7c449277876b38aa49b441ce70
  .git/objects/e8/5d645d7b9bc5ac5956feca470e8e1ab12a6965
  .git/objects/e8/ce2e090a09b7d6f03db4041fddb2b5e5e00d5d
  .git/objects/e9/373c681fe48b67a86db2793ecb65501d23557d
  .git/objects/e9/ab502b49ba260a07caf86070e885b7808a4fe0
  .git/objects/ea/7cc034b0dbdfa6fc742fcebaa7dc4025f5364e
  .git/objects/ea/d51abe29dc39701d7d814081cf0ebecb2e4b93
  .git/objects/eb/5207f2adc78a6a942657b488775299df284583
  .git/objects/eb/8ae7f09a154637b24a1b0bb75c2eb034d616c6
  .git/objects/ec/210d7164a24a30328bacfe3ccb3c45264c4d80
  .git/objects/ed/0100f2a04d0139bc1231b22e7aa9209e243381
  .git/objects/ed/5687fee35416f2387276284df2988c3c2e3e06
  .git/objects/ed/8d2a1e48211a7dec1ec1e5081aaa79ec0144be
  .git/objects/ed/d05823305cc8983ed4966aa06a16ee5b7ad93f
  .git/objects/ee/2cfcf3bacd447b61b2967566c676c783660f24
  .git/objects/ee/a29244c5fc90657db60e9c8b999f8b73ae013b
  .git/objects/ee/e0a22553ab1eb2e5eb9d05962e882c8793562d
  .git/objects/ef/0230cea2f92c91a579ce68ee03b7e7d7f53a17
  .git/objects/ef/85eec1b003946c00b0bd6d8336f59107ad3e2f
  .git/objects/ef/a701584e8c24381823d30b4b28f0c5c5cad18c
  .git/objects/ef/b9ce531b958a9a2a18f6757119ad7ec249be83
  .git/objects/ef/d14c2d14cb4581f44800bb0b17ee83cdb95a74
  .git/objects/ef/f37f169b14b3fb875487615564305a7555e06d
  .git/objects/f0/3c7e76fb9abfb80a0eefe6fdda0ccc68982412
  .git/objects/f0/4a7171c38023d4688b35cc6b644accb13d9a7e
  .git/objects/f0/552654e98d5c488b84c499c282ed85538aa657
  .git/objects/f0/8c524ec18f942b906e06fb324500025651f435
  .git/objects/f0/d32305c29e932dc63c5f9385b6e4a53ed02b13
  .git/objects/f0/d53244850d1ede1f6c0be24da38476fa50c320
  .git/objects/f0/f329342fddd81aa9a797a8bbdce68feb1bdd64
  .git/objects/f1/231c368e6f5e01d3934c9ed34394abe921cd6b
  .git/objects/f1/3f9da08359f7b9386e37e2caded7e03f983bd2
  .git/objects/f1/65735b42d3ea69639a46a48b72d10fbc2a2d1f
  .git/objects/f1/77dfc8f2966e679f32d581092ac2a85b8a3300
  .git/objects/f1/f8cdffdfb42345a748091c59d2f77fad69c0f9
  .git/objects/f2/01fa88e4aecbd1d2626506512cb3a43b60a364
  .git/objects/f2/369d47d0beb04209c8225c54594431990fbf23
  .git/objects/f2/a5541dd5d42d6776fedb1e1f844cd12efd10c9
  .git/objects/f3/00152128b916434896df972b563397d68f7988
  .git/objects/f3/15b05c2be1163f7fc7ef46400026e5bb0a8474
  .git/objects/f3/19a6acee46eeccb9811d3c700d98b827ea8570
  .git/objects/f3/412bacd8d6af64dc4b15c2316962f7d8c95d2f
  .git/objects/f3/c49014a202c0bde870ef70263709ff447e7e34
  .git/objects/f4/66047a029d1520006e86a0d69e3daeb11270ca
  .git/objects/f4/9a28883b4adfed59b3cce288127e4cefef8952
  .git/objects/f4/a5160d8366888031d041bd27353995c1a05a11
  .git/objects/f5/33b74db548512d717c02563df80efda4ff6acd
  .git/objects/f6/ae54497861fdb3d5d1ce250c1ca324a55a7d93
  .git/objects/f6/b6d8e74f10a232f46d3dd2f5120c6789dcab7f
  .git/objects/f6/e002bef2743b0c08b7b224d404f4ae37ed16ad
  .git/objects/f7/0266f8e2e37fba4073b4cb86c520ebbc7f09be
  .git/objects/f7/216958afa1ee7007f219e83ea546e2de51523d
  .git/objects/f7/73eda10181e32564551bcc7e64d4aa4ec79712
  .git/objects/f8/2d978f52b32b835bba1bc9428c64005b6f1e4a
  .git/objects/f8/f0acbedd568807e71a8ee610776fbe0714bec7
  .git/objects/f8/f8dda0740f4025478d734ded327fc29ab87a27
  .git/objects/f9/0e27b9c899287b9da16dd79a688ac694346b6f
  .git/objects/f9/5513b3fcc90802ce8ebc9f5a19bd8e8d1a4970
  .git/objects/f9/7de3219fa0af3876447ef9a920a2c7f768e864
  .git/objects/f9/905eca46cd1d0234f4e5d341f11322da2c1b8b
  .git/objects/f9/90fd804a5d34633be54b40e297f4e9689ac361
  .git/objects/fa/1443660ca78ce28c6fbeeeab399bf62d3e3327
  .git/objects/fa/21433cda40c217f3115ffeed2f85f47cc2efff
  .git/objects/fa/29060055d9bbc3ad0f1b9e57375aa695d778ce
  .git/objects/fa/5c6085bf666bd4089d8048368b6940fad9ca21
  .git/objects/fa/6d973c708bbd489f2922c73d8b8251459dbf3c
  .git/objects/fa/9fd37367b9c3bfb33e81c239e01bca31d78743
  .git/objects/fa/e0d0d62c37a349e109453c5849295259e0a651
  .git/objects/fc/609da0a1253ce7f71f216f65fbe5f3f3f0a58b
  .git/objects/fc/c3ed24ff37498d2e0216afa38e6d49b0b2288e
  .git/objects/fd/8f6e84618365021804e4c52eeadec42f67fc36
  .git/objects/fd/fe4b895c186cc1b770b0754eae56f33b408b56
  .git/objects/fe/828229012f797a04add4bc0ad160f0ad40da74
  .git/objects/fe/87fa5216c6045d6c47b9f4462999ff5b2b99c2
  .git/objects/fe/d2a79f9f41914667311f093e86fd92547dd793
  .git/objects/ff/51be3adcd611930da33cc1a5ce72c2cd398c41
  .git/objects/ff/72c08c40a8a16d20284ac4f8d5adf5ddc7646f
  .git/objects/ff/987abc9504886d944904749602afaa74a94d47
  .git/objects/ff/ce129ab39e1e0b7426c97d166b1fe87d5a4771
Source packages should not contain undeclared executable files.
See section ‘Package structure’ in the ‘Writing R Extensions’ manual.
* checking for hidden files and directories ... NOTE
Found the following hidden files and directories:
  .Rhistory
  .gitignore
  .travis.yml
  .travis.yml~
  ..Rcheck
  .Rproj.user
  .git
These were most likely included in error. See section ‘Package
structure’ in the ‘Writing R Extensions’ manual.

CRAN-pack does not know about
  .travis.yml
  .travis.yml~
  ..Rcheck
  .git
* checking for portable file names ... OK
* checking for sufficient/correct file permissions ... OK
* checking whether package ‘FeatureHashing’ can be installed ... OK
* checking installed package size ... OK
* checking package directory ... OK
* checking DESCRIPTION meta-information ... OK
* checking top-level files ... NOTE
Non-standard files/directories found at top level:
  ‘FeatureHashing.Rproj’ ‘README.Rmd’ ‘README.html’
* checking for left-over files ... OK
* checking index information ... OK
* checking package subdirectories ... WARNING
Found the following directory with the name of a check directory:
  ./..Rcheck
Most likely, these were included erroneously.
Found the following directory with the name of a version control directory:
  ./.git
These should not be in a package tarball.
* checking R files for non-ASCII characters ... OK
* checking R files for syntax errors ... OK
* checking whether the package can be loaded ... OK
* checking whether the package can be loaded with stated dependencies ... OK
* checking whether the package can be unloaded cleanly ... OK
* checking whether the namespace can be loaded with stated dependencies ... OK
* checking whether the namespace can be unloaded cleanly ... OK
* checking loading without being on the library search path ... OK
* checking dependencies in R code ... OK
* checking S3 generic/method consistency ... OK
* checking replacement functions ... OK
* checking foreign function calls ... OK
* checking R code for possible problems ... OK
* checking Rd files ... OK
* checking Rd metadata ... OK
* checking Rd line widths ... OK
* checking Rd cross-references ... OK
* checking for missing documentation entries ... OK
* checking for code/documentation mismatches ... WARNING
Codoc mismatches from documentation object 'hashed.model.matrix':
hashed.model.matrix
  Code: function(object, data, hash_size = 2^24, transpose = FALSE,
                 keep.hashing_mapping = FALSE, is.dgCMatrix = TRUE)
  Docs: function(object, data, hash_size = 2^24, transpose = TRUE,
                 keep.hashing_mapping = FALSE)
  Argument names in code not in docs:
    is.dgCMatrix
  Mismatches in argument default values:
    Name: 'transpose' Code: FALSE Docs: TRUE

* checking Rd \usage sections ... OK
* checking Rd contents ... OK
* checking for unstated dependencies in examples ... OK
* checking contents of ‘data’ directory ... OK
* checking data for non-ASCII characters ... OK
* checking data for ASCII and uncompressed saves ... OK
* checking line endings in C/C++/Fortran sources/headers ... OK
* checking line endings in Makefiles ... OK
* checking compilation flags in Makevars ... OK
* checking for portable use of $(BLAS_LIBS) and $(LAPACK_LIBS) ... OK
* checking compiled code ... OK
* checking examples ... ERROR
Running examples in ‘FeatureHashing-Ex.R’ failed
The error most likely occurred in:

> base::assign(".ptime", proc.time(), pos = "CheckExEnv")
> ### Name: hashed.model.matrix
> ### Title: Create a model matrix with feature hashing
> ### Aliases: hash_h hash_xi hashed.model.matrix
> 
> ### ** Examples
> 
> # Construct the model matrix. The transposed matrix is returned by default.
> m <- hashed.model.matrix(~ ., CO2, 2^6, keep.hashing_mapping = TRUE)
> # Print the matrix via dgCMatrix
> as(m, "dgCMatrix")
84 x 64 sparse Matrix of class "dgCMatrix"
   [[ suppressing 64 column names ‘1’, ‘2’, ‘3’ ... ]]
                                                                              
 [1,] 1  . . . . . 1 . . . . . . . . .  . . . . . .  . . . . . . . .   95 -1 .
 [2,] 1  . . . . . 1 . . . . . . . . .  . . . . . .  . . . . . . . .  175 -1 .
 [3,] 1  . . . . . 1 . . . . . . . . .  . . . . . .  . . . . . . . .  250 -1 .
 [4,] 1  . . . . . 1 . . . . . . . . .  . . . . . .  . . . . . . . .  350 -1 .
 [5,] 1  . . . . . 1 . . . . . . . . .  . . . . . .  . . . . . . . .  500 -1 .
 [6,] 1  . . . . . 1 . . . . . . . . .  . . . . . .  . . . . . . . .  675 -1 .
 [7,] 1  . . . . . 1 . . . . . . . . .  . . . . . .  . . . . . . . . 1000 -1 .
 [8,] 1  . . . . . 1 . . . . . . . . .  . . . . . .  . . . . . . . .   95 -1 .
 [9,] 1  . . . . . 1 . . . . . . . . .  . . . . . .  . . . . . . . .  175 -1 .
[10,] 1  . . . . . 1 . . . . . . . . .  . . . . . .  . . . . . . . .  250 -1 .
[11,] 1  . . . . . 1 . . . . . . . . .  . . . . . .  . . . . . . . .  350 -1 .
[12,] 1  . . . . . 1 . . . . . . . . .  . . . . . .  . . . . . . . .  500 -1 .
[13,] 1  . . . . . 1 . . . . . . . . .  . . . . . .  . . . . . . . .  675 -1 .
[14,] 1  . . . . . 1 . . . . . . . . .  . . . . . .  . . . . . . . . 1000 -1 .
[15,] 1  . . . . . 2 . . . . . . . . .  . . . . . .  . . . . . . . .   95 -1 .
[16,] 1  . . . . . 2 . . . . . . . . .  . . . . . .  . . . . . . . .  175 -1 .
[17,] 1  . . . . . 2 . . . . . . . . .  . . . . . .  . . . . . . . .  250 -1 .
[18,] 1  . . . . . 2 . . . . . . . . .  . . . . . .  . . . . . . . .  350 -1 .
[19,] 1  . . . . . 2 . . . . . . . . .  . . . . . .  . . . . . . . .  500 -1 .
[20,] 1  . . . . . 2 . . . . . . . . .  . . . . . .  . . . . . . . .  675 -1 .
[21,] 1  . . . . . 2 . . . . . . . . .  . . . . . .  . . . . . . . . 1000 -1 .
[22,] 1  . . . . 1 1 . . . . . . . . .  . . 1 . . .  . . . . . . . .   95  . .
[23,] 1  . . . . 1 1 . . . . . . . . .  . . 1 . . .  . . . . . . . .  175  . .
[24,] 1  . . . . 1 1 . . . . . . . . .  . . 1 . . .  . . . . . . . .  250  . .
[25,] 1  . . . . 1 1 . . . . . . . . .  . . 1 . . .  . . . . . . . .  350  . .
[26,] 1  . . . . 1 1 . . . . . . . . .  . . 1 . . .  . . . . . . . .  500  . .
[27,] 1  . . . . 1 1 . . . . . . . . .  . . 1 . . .  . . . . . . . .  675  . .
[28,] 1  . . . . 1 1 . . . . . . . . .  . . 1 . . .  . . . . . . . . 1000  . .
[29,] 1  . . . . . 1 . . . . . . . . .  . . 1 . . .  . . . . 1 . . .   95  . .
[30,] 1  . . . . . 1 . . . . . . . . .  . . 1 . . .  . . . . 1 . . .  175  . .
[31,] 1  . . . . . 1 . . . . . . . . .  . . 1 . . .  . . . . 1 . . .  250  . .
[32,] 1  . . . . . 1 . . . . . . . . .  . . 1 . . .  . . . . 1 . . .  350  . .
[33,] 1  . . . . . 1 . . . . . . . . .  . . 1 . . .  . . . . 1 . . .  500  . .
[34,] 1  . . . . . 1 . . . . . . . . .  . . 1 . . .  . . . . 1 . . .  675  . .
[35,] 1  . . . . . 1 . . . . . . . . .  . . 1 . . .  . . . . 1 . . . 1000  . .
[36,] 1  . . . . . 1 . . . . . . . . .  . . 1 . . .  . . . . . . . .   95  . .
[37,] 1  . . . . . 1 . . . . . . . . .  . . 1 . . .  . . . . . . . .  175  . .
[38,] 1  . . . . . 1 . . . . . . . . .  . . 1 . . .  . . . . . . . .  250  . .
[39,] 1  . . . . . 1 . . . . . . . . .  . . 1 . . .  . . . . . . . .  350  . .
[40,] 1  . . . . . 1 . . . . . . . . .  . . 1 . . .  . . . . . . . .  500  . .
[41,] 1  . . . . . 1 . . . . . . . . .  . . 1 . . .  . . . . . . . .  675  . .
[42,] 1  . . . . . 1 . . . . . . . . .  . . 1 . . .  . . . . . . . . 1000  . .
[43,] 1  . . . . . . . . . . . . . . . -1 . . . . . -1 . . . . . . .   95 -1 .
[44,] 1  . . . . . . . . . . . . . . . -1 . . . . . -1 . . . . . . .  175 -1 .
[45,] 1  . . . . . . . . . . . . . . . -1 . . . . . -1 . . . . . . .  250 -1 .
[46,] 1  . . . . . . . . . . . . . . . -1 . . . . . -1 . . . . . . .  350 -1 .
[47,] 1  . . . . . . . . . . . . . . . -1 . . . . . -1 . . . . . . .  500 -1 .
[48,] 1  . . . . . . . . . . . . . . . -1 . . . . . -1 . . . . . . .  675 -1 .
[49,] 1  . . . . . . . . . . . . . . . -1 . . . . . -1 . . . . . . . 1000 -1 .
[50,] 1 -1 . . . . . . . . . . . . . . -1 . . . . .  . . . . . . . .   95 -1 .
[51,] 1 -1 . . . . . . . . . . . . . . -1 . . . . .  . . . . . . . .  175 -1 .
[52,] 1 -1 . . . . . . . . . . . . . . -1 . . . . .  . . . . . . . .  250 -1 .
[53,] 1 -1 . . . . . . . . . . . . . . -1 . . . . .  . . . . . . . .  350 -1 .
[54,] 1 -1 . . . . . . . . . . . . . . -1 . . . . .  . . . . . . . .  500 -1 .
[55,] 1 -1 . . . . . . . . . . . . . . -1 . . . . .  . . . . . . . .  675 -1 .
[56,] 1 -1 . . . . . . . . . . . . . . -1 . . . . .  . . . . . . . . 1000 -1 .
[57,] 1  . . . . . . . . . . . . . . . -1 . . . 1 .  . . . . . . . .   95 -1 .
[58,] 1  . . . . . . . . . . . . . . . -1 . . . 1 .  . . . . . . . .  175 -1 .
[59,] 1  . . . . . . . . . . . . . . . -1 . . . 1 .  . . . . . . . .  250 -1 .
[60,] 1  . . . . . . . . . . . . . . . -1 . . . 1 .  . . . . . . . .  350 -1 .
[61,] 1  . . . . . . . . . . . . . . . -1 . . . 1 .  . . . . . . . .  500 -1 .
[62,] 1  . . . . . . . . . . . . . . . -1 . . . 1 .  . . . . . . . .  675 -1 .
[63,] 1  . . . . . . . . . . . . . . . -1 . . . 1 .  . . . . . . . . 1000 -1 .
[64,] 1  . . . . . . . . . . . . . . . -1 . 1 . . .  . . . . . . . .   95  . .
[65,] 1  . . . . . . . . . . . . . . . -1 . 1 . . .  . . . . . . . .  175  . .
[66,] 1  . . . . . . . . . . . . . . . -1 . 1 . . .  . . . . . . . .  250  . .
[67,] 1  . . . . . . . . . . . . . . . -1 . 1 . . .  . . . . . . . .  350  . .
[68,] 1  . . . . . . . . . . . . . . . -1 . 1 . . .  . . . . . . . .  500  . .
[69,] 1  . . . . . . . . . . . . . . . -1 . 1 . . .  . . . . . . . .  675  . .
[70,] 1  . . . . . . . . . . . . . . . -1 . 1 . . .  . . . . . . . . 1000  . .
[71,] 1  . . . . . . . . . . . . . . . -1 . 1 . . .  . . . . . . . .   95  . .
[72,] 1  . . . . . . . . . . . . . . . -1 . 1 . . .  . . . . . . . .  175  . .
[73,] 1  . . . . . . . . . . . . . . . -1 . 1 . . .  . . . . . . . .  250  . .
[74,] 1  . . . . . . . . . . . . . . . -1 . 1 . . .  . . . . . . . .  350  . .
[75,] 1  . . . . . . . . . . . . . . . -1 . 1 . . .  . . . . . . . .  500  . .
[76,] 1  . . . . . . . . . . . . . . . -1 . 1 . . .  . . . . . . . .  675  . .
[77,] 1  . . . . . . . . . . . . . . . -1 . 1 . . .  . . . . . . . . 1000  . .
[78,] 1  . . . . . . . . . . . . . . . -1 . 1 . . .  . . . . . . . .   95  . .
[79,] 1  . . . . . . . . . . . . . . . -1 . 1 . . .  . . . . . . . .  175  . .
[80,] 1  . . . . . . . . . . . . . . . -1 . 1 . . .  . . . . . . . .  250  . .
[81,] 1  . . . . . . . . . . . . . . . -1 . 1 . . .  . . . . . . . .  350  . .
[82,] 1  . . . . . . . . . . . . . . . -1 . 1 . . .  . . . . . . . .  500  . .
[83,] 1  . . . . . . . . . . . . . . . -1 . 1 . . .  . . . . . . . .  675  . .
[84,] 1  . . . . . . . . . . . . . . . -1 . 1 . . .  . . . . . . . . 1000  . .
                                                                         
 [1,] -1 . . . . . . .  . . . . . . . -16.0 . . . . . . . . . . . . . . .
 [2,] -1 . . . . . . .  . . . . . . . -30.4 . . . . . . . . . . . . . . .
 [3,] -1 . . . . . . .  . . . . . . . -34.8 . . . . . . . . . . . . . . .
 [4,] -1 . . . . . . .  . . . . . . . -37.2 . . . . . . . . . . . . . . .
 [5,] -1 . . . . . . .  . . . . . . . -35.3 . . . . . . . . . . . . . . .
 [6,] -1 . . . . . . .  . . . . . . . -39.2 . . . . . . . . . . . . . . .
 [7,] -1 . . . . . . .  . . . . . . . -39.7 . . . . . . . . . . . . . . .
 [8,]  . . . . 1 . . .  . . . . . . . -13.6 . . . . . . . . . . . . . . .
 [9,]  . . . . 1 . . .  . . . . . . . -27.3 . . . . . . . . . . . . . . .
[10,]  . . . . 1 . . .  . . . . . . . -37.1 . . . . . . . . . . . . . . .
[11,]  . . . . 1 . . .  . . . . . . . -41.8 . . . . . . . . . . . . . . .
[12,]  . . . . 1 . . .  . . . . . . . -40.6 . . . . . . . . . . . . . . .
[13,]  . . . . 1 . . .  . . . . . . . -41.4 . . . . . . . . . . . . . . .
[14,]  . . . . 1 . . .  . . . . . . . -44.3 . . . . . . . . . . . . . . .
[15,]  . . . . . . . .  . . . . . . . -16.2 . . . . . . . . . . . . . . .
[16,]  . . . . . . . .  . . . . . . . -32.4 . . . . . . . . . . . . . . .
[17,]  . . . . . . . .  . . . . . . . -40.3 . . . . . . . . . . . . . . .
[18,]  . . . . . . . .  . . . . . . . -42.1 . . . . . . . . . . . . . . .
[19,]  . . . . . . . .  . . . . . . . -42.9 . . . . . . . . . . . . . . .
[20,]  . . . . . . . .  . . . . . . . -43.9 . . . . . . . . . . . . . . .
[21,]  . . . . . . . .  . . . . . . . -45.5 . . . . . . . . . . . . . . .
[22,]  . . . . . . . .  . . . . . . . -14.2 . . . . . . . . . . . . . . .
[23,]  . . . . . . . .  . . . . . . . -24.1 . . . . . . . . . . . . . . .
[24,]  . . . . . . . .  . . . . . . . -30.3 . . . . . . . . . . . . . . .
[25,]  . . . . . . . .  . . . . . . . -34.6 . . . . . . . . . . . . . . .
[26,]  . . . . . . . .  . . . . . . . -32.5 . . . . . . . . . . . . . . .
[27,]  . . . . . . . .  . . . . . . . -35.4 . . . . . . . . . . . . . . .
[28,]  . . . . . . . .  . . . . . . . -38.7 . . . . . . . . . . . . . . .
[29,]  . . . . . . . .  . . . . . . .  -9.3 . . . . . . . . . . . . . . .
[30,]  . . . . . . . .  . . . . . . . -27.3 . . . . . . . . . . . . . . .
[31,]  . . . . . . . .  . . . . . . . -35.0 . . . . . . . . . . . . . . .
[32,]  . . . . . . . .  . . . . . . . -38.8 . . . . . . . . . . . . . . .
[33,]  . . . . . . . .  . . . . . . . -38.6 . . . . . . . . . . . . . . .
[34,]  . . . . . . . .  . . . . . . . -37.5 . . . . . . . . . . . . . . .
[35,]  . . . . . . . .  . . . . . . . -42.4 . . . . . . . . . . . . . . .
[36,]  . . . . . . . .  . . . . 1 . . -15.1 . . . . . . . . . . . . . . .
[37,]  . . . . . . . .  . . . . 1 . . -21.0 . . . . . . . . . . . . . . .
[38,]  . . . . . . . .  . . . . 1 . . -38.1 . . . . . . . . . . . . . . .
[39,]  . . . . . . . .  . . . . 1 . . -34.0 . . . . . . . . . . . . . . .
[40,]  . . . . . . . .  . . . . 1 . . -38.9 . . . . . . . . . . . . . . .
[41,]  . . . . . . . .  . . . . 1 . . -39.6 . . . . . . . . . . . . . . .
[42,]  . . . . . . . .  . . . . 1 . . -41.4 . . . . . . . . . . . . . . .
[43,]  . . . . . . . .  . . . . . . . -10.6 . . . . . . . . . . . . . . .
[44,]  . . . . . . . .  . . . . . . . -19.2 . . . . . . . . . . . . . . .
[45,]  . . . . . . . .  . . . . . . . -26.2 . . . . . . . . . . . . . . .
[46,]  . . . . . . . .  . . . . . . . -30.0 . . . . . . . . . . . . . . .
[47,]  . . . . . . . .  . . . . . . . -30.9 . . . . . . . . . . . . . . .
[48,]  . . . . . . . .  . . . . . . . -32.4 . . . . . . . . . . . . . . .
[49,]  . . . . . . . .  . . . . . . . -35.5 . . . . . . . . . . . . . . .
[50,]  . . . . . . . .  . . . . . . . -12.0 . . . . . . . . . . . . . . .
[51,]  . . . . . . . .  . . . . . . . -22.0 . . . . . . . . . . . . . . .
[52,]  . . . . . . . .  . . . . . . . -30.6 . . . . . . . . . . . . . . .
[53,]  . . . . . . . .  . . . . . . . -31.8 . . . . . . . . . . . . . . .
[54,]  . . . . . . . .  . . . . . . . -32.4 . . . . . . . . . . . . . . .
[55,]  . . . . . . . .  . . . . . . . -31.1 . . . . . . . . . . . . . . .
[56,]  . . . . . . . .  . . . . . . . -31.5 . . . . . . . . . . . . . . .
[57,]  . . . . . . . .  . . . . . . . -11.3 . . . . . . . . . . . . . . .
[58,]  . . . . . . . .  . . . . . . . -19.4 . . . . . . . . . . . . . . .
[59,]  . . . . . . . .  . . . . . . . -25.8 . . . . . . . . . . . . . . .
[60,]  . . . . . . . .  . . . . . . . -27.9 . . . . . . . . . . . . . . .
[61,]  . . . . . . . .  . . . . . . . -28.5 . . . . . . . . . . . . . . .
[62,]  . . . . . . . .  . . . . . . . -28.1 . . . . . . . . . . . . . . .
[63,]  . . . . . . . .  . . . . . . . -27.8 . . . . . . . . . . . . . . .
[64,]  . . . . . . . .  . . . . . . . -10.5 . . . . . 1 . . . . . . . . .
[65,]  . . . . . . . .  . . . . . . . -14.9 . . . . . 1 . . . . . . . . .
[66,]  . . . . . . . .  . . . . . . . -18.1 . . . . . 1 . . . . . . . . .
[67,]  . . . . . . . .  . . . . . . . -18.9 . . . . . 1 . . . . . . . . .
[68,]  . . . . . . . .  . . . . . . . -19.5 . . . . . 1 . . . . . . . . .
[69,]  . . . . . . . .  . . . . . . . -22.2 . . . . . 1 . . . . . . . . .
[70,]  . . . . . . . .  . . . . . . . -21.9 . . . . . 1 . . . . . . . . .
[71,]  . . . . . . . . -1 . . . . . .  -7.7 . . . . . . . . . . . . . . .
[72,]  . . . . . . . . -1 . . . . . . -11.4 . . . . . . . . . . . . . . .
[73,]  . . . . . . . . -1 . . . . . . -12.3 . . . . . . . . . . . . . . .
[74,]  . . . . . . . . -1 . . . . . . -13.0 . . . . . . . . . . . . . . .
[75,]  . . . . . . . . -1 . . . . . . -12.5 . . . . . . . . . . . . . . .
[76,]  . . . . . . . . -1 . . . . . . -13.7 . . . . . . . . . . . . . . .
[77,]  . . . . . . . . -1 . . . . . . -14.4 . . . . . . . . . . . . . . .
[78,]  . . . . . . . .  1 . . . . . . -10.6 . . . . . . . . . . . . . . .
[79,]  . . . . . . . .  1 . . . . . . -18.0 . . . . . . . . . . . . . . .
[80,]  . . . . . . . .  1 . . . . . . -17.9 . . . . . . . . . . . . . . .
[81,]  . . . . . . . .  1 . . . . . . -17.9 . . . . . . . . . . . . . . .
[82,]  . . . . . . . .  1 . . . . . . -17.9 . . . . . . . . . . . . . . .
[83,]  . . . . . . . .  1 . . . . . . -18.9 . . . . . . . . . . . . . . .
[84,]  . . . . . . . .  1 . . . . . . -19.9 . . . . . . . . . . . . . . .
> # Check the result of hashing
> mapping <- unlist(as.list(attr(m, "mapping")))
> # Check the rate of collision
> # mean(duplicated(mapping %% 2^6))
> # The result is CSCMatrix which supports simple subsetting and matrix-vector
> # multiplication
> # rnorm(2^6) %*% m
> 
> # Detail of the hashing
> ## The main effect is hashed via `hash_h`
> all(hash_h(names(mapping)) %% 2^6 == mapping %% 2^6)
Error: not compatible with STRSXP
Execution halted
